sample.interval=20000
"strsplit" "summaryRprof" 
"unique.default" "FUN" "lapply" "summaryRprof" 
"readLines" "summaryRprof" 
"is.factor" "unique.default" "FUN" "lapply" "summaryRprof" 
"unlist" "simplify2array" "sapply" "summaryRprof" 
"strsplit" "summaryRprof" 
"FUN" "lapply" "summaryRprof" 
"FUN" "lapply" "summaryRprof" 
"readLines" "summaryRprof" 
"FUN" "lapply" "summaryRprof" 
"table" "summaryRprof" 
"strsplit" "summaryRprof" 
"lapply" "summaryRprof" 
"readLines" "summaryRprof" 
"unique.default" "FUN" "lapply" "summaryRprof" 
"readLines" "summaryRprof" 
"close.connection" "close" "summaryRprof" 
"lazyLoadDBfetch" "fun" "doTryCatch" "tryCatchOne" "tryCatchList" "tryCatch" "runHook" "loadNamespace" "asNamespace" "namespaceImportFrom" "loadNamespace" "doTryCatch" "tryCatchOne" "tryCatchList" "tryCatch" "try" "library" 
"lazyLoadDBfetch" "<Anonymous>" "lazyLoadDBfetch" "get" "objects" ".mergeMethodsTable" ".updateMethodsInTable" "<Anonymous>" "loadNamespace" "asNamespace" "namespaceImportFrom" "loadNamespace" "doTryCatch" "tryCatchOne" "tryCatchList" "tryCatch" "try" "library" 
"exists" ".findAll" ".findBasicFuns" "genericForPrimitive" "getGeneric" ".recMembers" "Recall" ".recMembers" "getGroupMembers" ".checkGroupSigLength" "Recall" ".checkGroupSigLength" ".updateMethodsInTable" ".updateMethodsInTable" ".updateMethodsInTable" "<Anonymous>" "loadNamespace" "asNamespace" "namespaceImportFrom" "loadNamespace" "doTryCatch" "tryCatchOne" "tryCatchList" "tryCatch" "try" "library" 
".getClassFromCache" "getClassDef" "is" ".checkGroupSigLength" "Recall" ".checkGroupSigLength" ".updateMethodsInTable" ".updateMethodsInTable" "<Anonymous>" "loadNamespace" "asNamespace" "namespaceImportFrom" "loadNamespace" "doTryCatch" "tryCatchOne" "tryCatchList" "tryCatch" "try" "library" 
"loadNamespace" "asNamespace" "namespaceImportFrom" "loadNamespace" "doTryCatch" "tryCatchOne" "tryCatchList" "tryCatch" "try" "library" 
"file.exists" "find.package" "index.search" "help" "eval" "eval" "?" 
"is.na" "possibleExtends" "<Anonymous>" ".registerS3method" "registerS3methods" "loadNamespace" "doTryCatch" "tryCatchOne" "tryCatchList" "tryCatch" "getNamespace" "asNamespace" "getExportedValue" "::" "print.help_files_with_topic" "print" 
"strsplit" "put" "writeQ" "writeBlock" "writeContent" "writeBlock" "writeContent" "writeSection" "<Anonymous>" "print.help_files_with_topic" "print" 
